<?xml version="1.0" encoding="UTF-8"?>
<!-- Generated by org.testng.reporters.JUnitReportReporter -->
<testsuite hostname="QT-INNO-LT1626" failures="0" tests="2" name="com.DemoBlaze.TestCases.cartPageTest" time="19.047" errors="0" timestamp="2022-11-21T14:22:19 IST" skipped="0">
  <testcase classname="com.DemoBlaze.TestCases.cartPageTest" name="verifyCartPageTitleTest" time="11.130"/>
  <system-out/>
  <testcase classname="com.DemoBlaze.TestCases.cartPageTest" name="VerifyClickOnCartTag" time="7.917"/>
  <system-out/>
</testsuite> <!-- com.DemoBlaze.TestCases.cartPageTest -->
