<?xml version="1.0" encoding="UTF-8"?>
<!-- Generated by org.testng.reporters.JUnitReportReporter -->
<testsuite hostname="QT-INNO-LT1626" failures="0" tests="2" name="com.DemoBlaze.TestCases.logInPageTest" time="10.637" errors="0" timestamp="2022-11-21T14:22:19 IST" skipped="0">
  <testcase classname="com.DemoBlaze.TestCases.logInPageTest" name="logInPageTitleTest" time="3.448"/>
  <system-out/>
  <testcase classname="com.DemoBlaze.TestCases.logInPageTest" name="logInTest" time="7.189"/>
  <system-out/>
</testsuite> <!-- com.DemoBlaze.TestCases.logInPageTest -->
